<?xml version="1.0" encoding="UTF-8"?>
<testng-results ignored="0" total="7" passed="7" failed="0" skipped="0">
  <reporter-output>
  </reporter-output>
  <suite started-at="2025-12-12T02:22:30Z" name="BDD Test Suite" finished-at="2025-12-12T02:22:34Z" duration-ms="4067">
    <groups>
      <group name="cucumber">
        <method signature="AbstractTestNGCucumberTests.runScenario(cucumber.api.testng.PickleEventWrapper, cucumber.api.testng.CucumberFeatureWrapper)[pri:0, instance:com.crowdar.bdd.cukes.TestNGSecuencialRunner@2145b572]" name="runScenario" class="cucumber.api.testng.AbstractTestNGCucumberTests"/>
      </group> <!-- cucumber -->
    </groups>
    <test started-at="2025-12-12T02:22:30Z" name="Login and Update Profile Test" finished-at="2025-12-12T02:22:34Z" duration-ms="4067">
      <class name="com.crowdar.bdd.cukes.TestNGSecuencialRunner">
        <test-method is-config="true" signature="setUpClass()[pri:0, instance:com.crowdar.bdd.cukes.TestNGSecuencialRunner@2145b572]" started-at="2025-12-12T02:22:30Z" name="setUpClass" finished-at="2025-12-12T02:22:30Z" duration-ms="214" status="PASS">
          <reporter-output>
          </reporter-output>
        </test-method> <!-- setUpClass -->
        <test-method signature="runScenario(cucumber.api.testng.PickleEventWrapper, cucumber.api.testng.CucumberFeatureWrapper)[pri:0, instance:com.crowdar.bdd.cukes.TestNGSecuencialRunner@2145b572]" started-at="2025-12-12T02:22:30Z" name="runScenario" description="Runs Cucumber Scenarios" data-provider="scenarios" finished-at="2025-12-12T02:22:31Z" duration-ms="1479" status="PASS">
          <params>
            <param index="0">
              <value>
                <![CDATA["Create a new project"]]>
              </value>
            </param>
            <param index="1">
              <value>
                <![CDATA["Project"]]>
              </value>
            </param>
          </params>
          <reporter-output>
          </reporter-output>
        </test-method> <!-- runScenario -->
        <test-method signature="runScenario(cucumber.api.testng.PickleEventWrapper, cucumber.api.testng.CucumberFeatureWrapper)[pri:0, instance:com.crowdar.bdd.cukes.TestNGSecuencialRunner@2145b572]" started-at="2025-12-12T02:22:31Z" name="runScenario" description="Runs Cucumber Scenarios" data-provider="scenarios" finished-at="2025-12-12T02:22:32Z" duration-ms="324" status="PASS">
          <params>
            <param index="0">
              <value>
                <![CDATA["Create a new project"]]>
              </value>
            </param>
            <param index="1">
              <value>
                <![CDATA["Project"]]>
              </value>
            </param>
          </params>
          <reporter-output>
          </reporter-output>
        </test-method> <!-- runScenario -->
        <test-method signature="runScenario(cucumber.api.testng.PickleEventWrapper, cucumber.api.testng.CucumberFeatureWrapper)[pri:0, instance:com.crowdar.bdd.cukes.TestNGSecuencialRunner@2145b572]" started-at="2025-12-12T02:22:32Z" name="runScenario" description="Runs Cucumber Scenarios" data-provider="scenarios" finished-at="2025-12-12T02:22:32Z" duration-ms="318" status="PASS">
          <params>
            <param index="0">
              <value>
                <![CDATA["Find an existing project"]]>
              </value>
            </param>
            <param index="1">
              <value>
                <![CDATA["Project"]]>
              </value>
            </param>
          </params>
          <reporter-output>
          </reporter-output>
        </test-method> <!-- runScenario -->
        <test-method signature="runScenario(cucumber.api.testng.PickleEventWrapper, cucumber.api.testng.CucumberFeatureWrapper)[pri:0, instance:com.crowdar.bdd.cukes.TestNGSecuencialRunner@2145b572]" started-at="2025-12-12T02:22:32Z" name="runScenario" description="Runs Cucumber Scenarios" data-provider="scenarios" finished-at="2025-12-12T02:22:32Z" duration-ms="347" status="PASS">
          <params>
            <param index="0">
              <value>
                <![CDATA["Edit an existing project"]]>
              </value>
            </param>
            <param index="1">
              <value>
                <![CDATA["Project"]]>
              </value>
            </param>
          </params>
          <reporter-output>
          </reporter-output>
        </test-method> <!-- runScenario -->
        <test-method signature="runScenario(cucumber.api.testng.PickleEventWrapper, cucumber.api.testng.CucumberFeatureWrapper)[pri:0, instance:com.crowdar.bdd.cukes.TestNGSecuencialRunner@2145b572]" started-at="2025-12-12T02:22:32Z" name="runScenario" description="Runs Cucumber Scenarios" data-provider="scenarios" finished-at="2025-12-12T02:22:33Z" duration-ms="287" status="PASS">
          <params>
            <param index="0">
              <value>
                <![CDATA["Invalid API Key"]]>
              </value>
            </param>
            <param index="1">
              <value>
                <![CDATA["Project"]]>
              </value>
            </param>
          </params>
          <reporter-output>
          </reporter-output>
        </test-method> <!-- runScenario -->
        <test-method signature="runScenario(cucumber.api.testng.PickleEventWrapper, cucumber.api.testng.CucumberFeatureWrapper)[pri:0, instance:com.crowdar.bdd.cukes.TestNGSecuencialRunner@2145b572]" started-at="2025-12-12T02:22:33Z" name="runScenario" description="Runs Cucumber Scenarios" data-provider="scenarios" finished-at="2025-12-12T02:22:33Z" duration-ms="526" status="PASS">
          <params>
            <param index="0">
              <value>
                <![CDATA["Non-existent project"]]>
              </value>
            </param>
            <param index="1">
              <value>
                <![CDATA["Project"]]>
              </value>
            </param>
          </params>
          <reporter-output>
          </reporter-output>
        </test-method> <!-- runScenario -->
        <test-method signature="runScenario(cucumber.api.testng.PickleEventWrapper, cucumber.api.testng.CucumberFeatureWrapper)[pri:0, instance:com.crowdar.bdd.cukes.TestNGSecuencialRunner@2145b572]" started-at="2025-12-12T02:22:33Z" name="runScenario" description="Runs Cucumber Scenarios" data-provider="scenarios" finished-at="2025-12-12T02:22:33Z" duration-ms="294" status="PASS">
          <params>
            <param index="0">
              <value>
                <![CDATA["Create a project without required fields"]]>
              </value>
            </param>
            <param index="1">
              <value>
                <![CDATA["Project"]]>
              </value>
            </param>
          </params>
          <reporter-output>
          </reporter-output>
        </test-method> <!-- runScenario -->
        <test-method is-config="true" signature="tearDownClass()[pri:0, instance:com.crowdar.bdd.cukes.TestNGSecuencialRunner@2145b572]" started-at="2025-12-12T02:22:33Z" name="tearDownClass" finished-at="2025-12-12T02:22:34Z" duration-ms="237" status="PASS">
          <reporter-output>
          </reporter-output>
        </test-method> <!-- tearDownClass -->
      </class> <!-- com.crowdar.bdd.cukes.TestNGSecuencialRunner -->
    </test> <!-- Login and Update Profile Test -->
  </suite> <!-- BDD Test Suite -->
</testng-results>
